[debug] [2026-04-22T18:52:36.739Z] ----------------------------------------------------------------------
[debug] [2026-04-22T18:52:36.786Z] Command:       C:\Program Files\nodejs\node.exe C:\Users\Ulum Baik\AppData\Roaming\npm\node_modules\firebase-tools\lib\bin\firebase.js init hosting:github
[debug] [2026-04-22T18:52:36.790Z] CLI Version:   14.9.0
[debug] [2026-04-22T18:52:36.791Z] Platform:      win32
[debug] [2026-04-22T18:52:36.792Z] Node Version:  v22.17.0
[debug] [2026-04-22T18:52:36.799Z] Time:          Thu Apr 23 2026 01:52:36 GMT+0700 (Waktu Indonesia Barat)
[debug] [2026-04-22T18:52:36.800Z] ----------------------------------------------------------------------
[debug] 
[debug] [2026-04-22T18:52:39.484Z] > command requires scopes: ["email","openid","https://www.googleapis.com/auth/cloudplatformprojects.readonly","https://www.googleapis.com/auth/firebase","https://www.googleapis.com/auth/cloud-platform"]
[debug] [2026-04-22T18:52:39.488Z] > authorizing via signed-in user (khulum2001@gmail.com)
[info] 
     ######## #### ########  ######## ########     ###     ######  ########
     ##        ##  ##     ## ##       ##     ##  ##   ##  ##       ##
     ######    ##  ########  ######   ########  #########  ######  ######
     ##        ##  ##    ##  ##       ##     ## ##     ##       ## ##
     ##       #### ##     ## ######## ########  ##     ##  ######  ########

You're about to initialize a Firebase project in this directory:

  D:\Projek\Skripzy2

Before we get started, keep in mind:

  * You are initializing within an existing Firebase project directory

